<?xml version="1.0" encoding="UTF-8"?>
<!-- Generated by org.testng.reporters.JUnitReportReporter -->
<testsuite skipped="0" hostname="KASU" name="com.inetBanking.testCases.TC_AddCustomerTest_003" tests="1" failures="0" timestamp="27 Aug 2020 10:11:27 GMT" time="17.220" errors="0">
  <testcase name="addNewCustomer" time="17.220" classname="com.inetBanking.testCases.TC_AddCustomerTest_003"/>
</testsuite> <!-- com.inetBanking.testCases.TC_AddCustomerTest_003 -->
